-------------------------------------------------------------------------------
Test set: hu.me.iit.webalk.demo.DemoApplicationTests
-------------------------------------------------------------------------------
Tests run: 1, Failures: 0, Errors: 1, Skipped: 0, Time elapsed: 4.317 s <<< FAILURE! - in hu.me.iit.webalk.demo.DemoApplicationTests
contextLoads  Time elapsed: 0.002 s  <<< ERROR!
java.lang.IllegalStateException: Failed to load ApplicationContext
Caused by: org.springframework.beans.factory.UnsatisfiedDependencyException: Error creating bean with name 'licitServiceImpl' defined in file [C:\Users\tothd\Downloads\demo\target\classes\hu\me\iit\webalk\demo\Service\LicitServiceImpl.class]: Unsatisfied dependency expressed through constructor parameter 0; nested exception is org.springframework.beans.factory.BeanCreationException: Error creating bean with name 'licitRepository' defined in hu.me.iit.webalk.demo.Repository.LicitRepository defined in @EnableJpaRepositories declared on JpaRepositoriesRegistrar.EnableJpaRepositoriesConfiguration: Invocation of init method failed; nested exception is org.springframework.data.repository.query.QueryCreationException: Could not create query for public abstract java.util.Optional hu.me.iit.webalk.demo.Repository.LicitRepository.findTopByUseridAndOrderByLicitDesc(java.lang.Integer)! Reason: Failed to create query for method public abstract java.util.Optional hu.me.iit.webalk.demo.Repository.LicitRepository.findTopByUseridAndOrderByLicitDesc(java.lang.Integer)! No property and found for type Integer! Traversed path: Licit.userid.; nested exception is java.lang.IllegalArgumentException: Failed to create query for method public abstract java.util.Optional hu.me.iit.webalk.demo.Repository.LicitRepository.findTopByUseridAndOrderByLicitDesc(java.lang.Integer)! No property and found for type Integer! Traversed path: Licit.userid.
Caused by: org.springframework.beans.factory.BeanCreationException: Error creating bean with name 'licitRepository' defined in hu.me.iit.webalk.demo.Repository.LicitRepository defined in @EnableJpaRepositories declared on JpaRepositoriesRegistrar.EnableJpaRepositoriesConfiguration: Invocation of init method failed; nested exception is org.springframework.data.repository.query.QueryCreationException: Could not create query for public abstract java.util.Optional hu.me.iit.webalk.demo.Repository.LicitRepository.findTopByUseridAndOrderByLicitDesc(java.lang.Integer)! Reason: Failed to create query for method public abstract java.util.Optional hu.me.iit.webalk.demo.Repository.LicitRepository.findTopByUseridAndOrderByLicitDesc(java.lang.Integer)! No property and found for type Integer! Traversed path: Licit.userid.; nested exception is java.lang.IllegalArgumentException: Failed to create query for method public abstract java.util.Optional hu.me.iit.webalk.demo.Repository.LicitRepository.findTopByUseridAndOrderByLicitDesc(java.lang.Integer)! No property and found for type Integer! Traversed path: Licit.userid.
Caused by: org.springframework.data.repository.query.QueryCreationException: Could not create query for public abstract java.util.Optional hu.me.iit.webalk.demo.Repository.LicitRepository.findTopByUseridAndOrderByLicitDesc(java.lang.Integer)! Reason: Failed to create query for method public abstract java.util.Optional hu.me.iit.webalk.demo.Repository.LicitRepository.findTopByUseridAndOrderByLicitDesc(java.lang.Integer)! No property and found for type Integer! Traversed path: Licit.userid.; nested exception is java.lang.IllegalArgumentException: Failed to create query for method public abstract java.util.Optional hu.me.iit.webalk.demo.Repository.LicitRepository.findTopByUseridAndOrderByLicitDesc(java.lang.Integer)! No property and found for type Integer! Traversed path: Licit.userid.
Caused by: java.lang.IllegalArgumentException: Failed to create query for method public abstract java.util.Optional hu.me.iit.webalk.demo.Repository.LicitRepository.findTopByUseridAndOrderByLicitDesc(java.lang.Integer)! No property and found for type Integer! Traversed path: Licit.userid.
Caused by: org.springframework.data.mapping.PropertyReferenceException: No property and found for type Integer! Traversed path: Licit.userid.

